<?xml version="1.0" encoding="utf-8"?><testsuites name="pytest tests"><testsuite name="pytest" errors="0" failures="0" skipped="0" tests="15" time="6.470" timestamp="2026-02-08T10:16:43.172631+00:00" hostname="agent-env-22aad258-6c37-4dd7-bd15-8f21c158bffc"><testcase classname="backend.tests.test_content_affiliate.TestPayloadAuth" name="test_users_login" time="0.421" /><testcase classname="backend.tests.test_content_affiliate.TestPayloadAuth" name="test_users_api_accessible" time="0.102" /><testcase classname="backend.tests.test_content_affiliate.TestStacksCollection" name="test_stacks_list" time="0.066" /><testcase classname="backend.tests.test_content_affiliate.TestStacksCollection" name="test_existing_stack_data_structure" time="0.106" /><testcase classname="backend.tests.test_content_affiliate.TestStacksCollection" name="test_create_stack_with_slug_auto_generation" time="0.765" /><testcase classname="backend.tests.test_content_affiliate.TestStacksCollection" name="test_update_stack" time="1.362" /><testcase classname="backend.tests.test_content_affiliate.TestAffiliatesCollection" name="test_affiliates_list" time="0.159" /><testcase classname="backend.tests.test_content_affiliate.TestAffiliatesCollection" name="test_existing_affiliate_structure" time="0.132" /><testcase classname="backend.tests.test_content_affiliate.TestAffiliatesCollection" name="test_create_affiliate" time="0.696" /><testcase classname="backend.tests.test_content_affiliate.TestAffiliatesCollection" name="test_update_affiliate_active_toggle" time="0.992" /><testcase classname="backend.tests.test_content_affiliate.TestMediaCollection" name="test_media_list" time="0.187" /><testcase classname="backend.tests.test_content_affiliate.TestAffiliateRedirects" name="test_active_affiliate_redirect_302" time="0.202" /><testcase classname="backend.tests.test_content_affiliate.TestAffiliateRedirects" name="test_inactive_affiliate_returns_410" time="0.200" /><testcase classname="backend.tests.test_content_affiliate.TestAffiliateRedirects" name="test_nonexistent_affiliate_returns_404" time="0.191" /><testcase classname="backend.tests.test_content_affiliate.TestAffiliateRedirects" name="test_click_count_increment" time="0.695" /></testsuite></testsuites>